<?xml version="1.0" encoding="UTF-8"?>
<!-- Generated by org.testng.reporters.JUnitReportReporter -->
<testsuite hostname="LAPTOP-N6AMDSDJ" failures="0" tests="1" name="testCases.TC_005_FillLoanRequirementDetails" time="22.158" errors="0" timestamp="2024-08-13T16:06:26 IST" skipped="0">
  <testcase classname="testCases.TC_005_FillLoanRequirementDetails" name="fillLoanInformation" time="22.158"/>
</testsuite> <!-- testCases.TC_005_FillLoanRequirementDetails -->
