<?xml version="1.0" encoding="UTF-8"?>
<!-- Generated by org.testng.reporters.JUnitReportReporter -->
<testsuite hostname="LAPTOP-N6AMDSDJ" failures="0" tests="1" name="testCases.TC_006_UplaodDocManually" time="20.521" errors="0" timestamp="2024-08-13T16:06:26 IST" skipped="0">
  <testcase classname="testCases.TC_006_UplaodDocManually" name="UploadDocManually" time="20.521"/>
</testsuite> <!-- testCases.TC_006_UplaodDocManually -->
