<?xml version="1.0" encoding="UTF-8"?>
<!-- Generated by org.testng.reporters.JUnitReportReporter -->
<testsuite hostname="LAPTOP-N6AMDSDJ" failures="0" tests="1" name="testCases.TC_001_AccountRegistrationTest" time="43.865" errors="0" timestamp="2024-08-13T16:06:26 IST" skipped="0">
  <testcase classname="testCases.TC_001_AccountRegistrationTest" name="Verify_Account_Registration" time="43.865"/>
</testsuite> <!-- testCases.TC_001_AccountRegistrationTest -->
